
--------------------------------------------------------------------------------
Start: 11-jun-2013 13:32:11
Component Name: Export to Shape File
Input Name: Queries.RDW_3EXP_PARKEERTARIEFGEBIED
Information: 46 feature(s) successfully exported.
End: 11-jun-2013 13:32:11
--------------------------------------------------------------------------------

--------------------------------------------------------------------------------
Start: 11-jun-2013 13:32:11
Component Name: Export to Shape File
Input Name: Queries.RDW_3EXP_UITZONDERINGGEBIED
Information: 54 feature(s) successfully exported.
End: 11-jun-2013 13:32:11
--------------------------------------------------------------------------------

--------------------------------------------------------------------------------
Start: 11-jun-2013 13:32:11
Component Name: Export to Shape File
Input Name: Queries.RDW_3EXP_VERKOOPPUNT_Automaat
Information: 3518 feature(s) successfully exported.
End: 11-jun-2013 13:32:13
--------------------------------------------------------------------------------

--------------------------------------------------------------------------------
Start: 11-jun-2013 13:32:13
Component Name: Export to Shape File
Input Name: Queries.RDW_3EXP_VERKOOPPUNT_BORD
Information: 38 feature(s) successfully exported.
End: 11-jun-2013 13:32:13
--------------------------------------------------------------------------------
